<?xml version="1.0" encoding="UTF-8"?>
<robot generator="Robot 3.1.2 (Python 3.8.1 on darwin)" generated="20200118 18:48:58.867" rpa="false">
<suite id="s1" name="Test" source="/Users/giarocha/Documents/repos/robotFramework/tests/test.robot">
<test id="s1-t1" name="User can use google to search facebook">
<kw name="Open Browser" library="Selenium2Library">
<doc>Opens a new browser instance to the optional ``url``.</doc>
<arguments>
<arg>${URL}</arg>
<arg>${BROWSER}</arg>
</arguments>
<msg timestamp="20200118 18:48:59.105" level="INFO">Opening browser 'chrome' to base url 'https://google.cl'.</msg>
<status status="PASS" starttime="20200118 18:48:59.105" endtime="20200118 18:49:03.720"></status>
</kw>
<kw name="Wait Until Page Contains" library="Selenium2Library">
<doc>Waits until ``text`` appears on the current page.</doc>
<arguments>
<arg>Google</arg>
</arguments>
<status status="PASS" starttime="20200118 18:49:03.721" endtime="20200118 18:49:03.737"></status>
</kw>
<kw name="Input Text" library="Selenium2Library">
<doc>Types the given ``text`` into the text field identified by ``locator``.</doc>
<arguments>
<arg>name:q</arg>
<arg>${TEXTO_TO_SEARCH}</arg>
</arguments>
<msg timestamp="20200118 18:49:03.737" level="INFO">Typing text 'facebook' into text field 'name:q'.</msg>
<status status="PASS" starttime="20200118 18:49:03.737" endtime="20200118 18:49:03.859"></status>
</kw>
<kw name="Wait Until Element Is Visible" library="Selenium2Library">
<doc>Waits until the element ``locator`` is visible.</doc>
<arguments>
<arg>xpath://ul[@role='listbox']/li[1]/div/div[2]</arg>
</arguments>
<status status="PASS" starttime="20200118 18:49:03.859" endtime="20200118 18:49:04.328"></status>
</kw>
<kw name="Click Element" library="Selenium2Library">
<doc>Click the element identified by ``locator``.</doc>
<arguments>
<arg>xpath://ul[@role='listbox']/li[1]/div/div[2]</arg>
</arguments>
<msg timestamp="20200118 18:49:04.329" level="INFO">Clicking element 'xpath://ul[@role='listbox']/li[1]/div/div[2]'.</msg>
<status status="PASS" starttime="20200118 18:49:04.328" endtime="20200118 18:49:08.486"></status>
</kw>
<kw name="Element Text Should Be" library="Selenium2Library">
<doc>Verifies that element ``locator`` contains exact the text ``expected``.</doc>
<arguments>
<arg>//a[@href='https://es-la.facebook.com/']/h3</arg>
<arg>${EXPECTED_SEARCH}</arg>
</arguments>
<msg timestamp="20200118 18:49:08.487" level="INFO">Verifying element '//a[@href='https://es-la.facebook.com/']/h3' contains exact text 'Facebook - Inicia sesión o regístrate'.</msg>
<status status="PASS" starttime="20200118 18:49:08.486" endtime="20200118 18:49:08.510"></status>
</kw>
<kw name="Close Browser" library="Selenium2Library">
<doc>Closes the current browser.</doc>
<status status="PASS" starttime="20200118 18:49:08.511" endtime="20200118 18:49:08.606"></status>
</kw>
<doc>As I User I want to search facebook link using google</doc>
<status status="PASS" starttime="20200118 18:48:59.104" endtime="20200118 18:49:08.606" critical="yes"></status>
</test>
<doc>Basic test</doc>
<status status="PASS" starttime="20200118 18:48:58.868" endtime="20200118 18:49:08.609"></status>
</suite>
<statistics>
<total>
<stat pass="1" fail="0">Critical Tests</stat>
<stat pass="1" fail="0">All Tests</stat>
</total>
<tag>
</tag>
<suite>
<stat pass="1" fail="0" id="s1" name="Test">Test</stat>
</suite>
</statistics>
<errors>
</errors>
</robot>
